

Started GET "/" for 10.0.0.224 at 2014-08-10 16:47:21 +1000
Processing by Rails::WelcomeController#index as HTML
  Rendered /Users/nicholashibberd/.rbenv/versions/2.0.0-p353/lib/ruby/gems/2.0.0/gems/railties-4.1.4/lib/rails/templates/rails/welcome/index.html.erb (3.5ms)
Completed 200 OK in 86ms (Views: 68.9ms | ActiveRecord: 0.0ms)
  [1m[36m (13.3ms)[0m  [1mCREATE TABLE "schema_migrations" ("version" character varying(255) NOT NULL) [0m
  [1m[35m (3.7ms)[0m  CREATE UNIQUE INDEX  "unique_schema_migrations" ON "schema_migrations"  ("version")
  [1m[36mActiveRecord::SchemaMigration Load (0.8ms)[0m  [1mSELECT "schema_migrations".* FROM "schema_migrations"[0m


Started GET "/" for 10.0.0.224 at 2014-08-11 21:26:40 +1000
Processing by Rails::WelcomeController#index as HTML
  Rendered /Users/nicholashibberd/.rbenv/versions/2.0.0-p353/lib/ruby/gems/2.0.0/gems/railties-4.1.4/lib/rails/templates/rails/welcome/index.html.erb (2.7ms)
Completed 200 OK in 31ms (Views: 11.5ms | ActiveRecord: 0.0ms)


Started GET "/" for 10.0.0.224 at 2014-08-11 21:31:04 +1000
Processing by Rails::WelcomeController#index as HTML
  Rendered /Users/nicholashibberd/.rbenv/versions/2.0.0-p353/lib/ruby/gems/2.0.0/gems/railties-4.1.4/lib/rails/templates/rails/welcome/index.html.erb (0.1ms)
Completed 200 OK in 5ms (Views: 4.0ms | ActiveRecord: 0.0ms)


Started GET "/" for 10.0.0.224 at 2014-08-12 22:34:09 +1000
Processing by Rails::WelcomeController#index as HTML
  Rendered /Users/nicholashibberd/.rbenv/versions/2.0.0-p353/lib/ruby/gems/2.0.0/gems/railties-4.1.4/lib/rails/templates/rails/welcome/index.html.erb (2.2ms)
Completed 200 OK in 27ms (Views: 17.9ms | ActiveRecord: 0.0ms)


Started GET "/" for 10.0.0.224 at 2014-08-12 22:37:23 +1000
Processing by Rails::WelcomeController#index as HTML
  Rendered /Users/nicholashibberd/.rbenv/versions/2.0.0-p353/lib/ruby/gems/2.0.0/gems/railties-4.1.4/lib/rails/templates/rails/welcome/index.html.erb (2.6ms)
Completed 200 OK in 33ms (Views: 16.2ms | ActiveRecord: 0.0ms)


Started GET "/" for 10.0.0.224 at 2014-08-12 22:37:27 +1000
Processing by Rails::WelcomeController#index as HTML
  Rendered /Users/nicholashibberd/.rbenv/versions/2.0.0-p353/lib/ruby/gems/2.0.0/gems/railties-4.1.4/lib/rails/templates/rails/welcome/index.html.erb (0.1ms)
Completed 200 OK in 2ms (Views: 1.5ms | ActiveRecord: 0.0ms)


Started GET "/" for 10.0.0.224 at 2014-08-12 22:37:29 +1000
Processing by Rails::WelcomeController#index as HTML
  Rendered /Users/nicholashibberd/.rbenv/versions/2.0.0-p353/lib/ruby/gems/2.0.0/gems/railties-4.1.4/lib/rails/templates/rails/welcome/index.html.erb (0.1ms)
Completed 200 OK in 2ms (Views: 1.2ms | ActiveRecord: 0.0ms)


Started GET "/" for 10.0.0.224 at 2014-08-12 22:37:30 +1000
Processing by Rails::WelcomeController#index as HTML
  Rendered /Users/nicholashibberd/.rbenv/versions/2.0.0-p353/lib/ruby/gems/2.0.0/gems/railties-4.1.4/lib/rails/templates/rails/welcome/index.html.erb (0.1ms)
Completed 200 OK in 3ms (Views: 2.0ms | ActiveRecord: 0.0ms)


Started GET "/" for 10.0.0.224 at 2014-08-12 22:37:30 +1000
Processing by Rails::WelcomeController#index as HTML
  Rendered /Users/nicholashibberd/.rbenv/versions/2.0.0-p353/lib/ruby/gems/2.0.0/gems/railties-4.1.4/lib/rails/templates/rails/welcome/index.html.erb (0.1ms)
Completed 200 OK in 2ms (Views: 1.3ms | ActiveRecord: 0.0ms)


Started GET "/rails/info/properties" for 10.0.0.224 at 2014-08-12 22:41:07 +1000
Processing by Rails::InfoController#properties as HTML
  [1m[36mActiveRecord::SchemaMigration Load (1.0ms)[0m  [1mSELECT "schema_migrations".* FROM "schema_migrations"[0m
  Rendered /Users/nicholashibberd/.rbenv/versions/2.0.0-p353/lib/ruby/gems/2.0.0/gems/railties-4.1.4/lib/rails/templates/rails/info/properties.html.erb within layouts/application (0.7ms)
Completed 200 OK in 58ms (Views: 6.3ms | ActiveRecord: 10.2ms)


Started GET "/rails/info/routes" for 10.0.0.224 at 2014-08-12 22:41:20 +1000
Processing by Rails::InfoController#routes as HTML
  Rendered /Users/nicholashibberd/.rbenv/versions/2.0.0-p353/lib/ruby/gems/2.0.0/gems/actionpack-4.1.4/lib/action_dispatch/middleware/templates/routes/_table.html.erb (88.7ms)
  Rendered /Users/nicholashibberd/.rbenv/versions/2.0.0-p353/lib/ruby/gems/2.0.0/gems/railties-4.1.4/lib/rails/templates/rails/info/routes.html.erb within layouts/application (98.1ms)
Completed 200 OK in 104ms (Views: 102.8ms | ActiveRecord: 0.0ms)


Started GET "/rails/info/routes" for 10.0.0.224 at 2014-08-13 17:44:40 +1000
Processing by Rails::InfoController#routes as HTML
  Rendered /Users/nicholashibberd/.rbenv/versions/2.0.0-p353/lib/ruby/gems/2.0.0/gems/actionpack-4.1.4/lib/action_dispatch/middleware/templates/routes/_table.html.erb (0.4ms)
  Rendered /Users/nicholashibberd/.rbenv/versions/2.0.0-p353/lib/ruby/gems/2.0.0/gems/railties-4.1.4/lib/rails/templates/rails/info/routes.html.erb within layouts/application (2.9ms)
Completed 200 OK in 8ms (Views: 7.3ms | ActiveRecord: 0.0ms)


Started GET "/rails/info/routes" for 10.0.0.224 at 2014-08-13 17:44:41 +1000
Processing by Rails::InfoController#routes as HTML
  Rendered /Users/nicholashibberd/.rbenv/versions/2.0.0-p353/lib/ruby/gems/2.0.0/gems/actionpack-4.1.4/lib/action_dispatch/middleware/templates/routes/_table.html.erb (0.4ms)
  Rendered /Users/nicholashibberd/.rbenv/versions/2.0.0-p353/lib/ruby/gems/2.0.0/gems/railties-4.1.4/lib/rails/templates/rails/info/routes.html.erb within layouts/application (1.6ms)
Completed 200 OK in 5ms (Views: 4.9ms | ActiveRecord: 0.0ms)


Started GET "/rails/info/routes" for 10.0.0.224 at 2014-08-13 17:44:50 +1000
Processing by Rails::InfoController#routes as HTML
  Rendered /Users/nicholashibberd/.rbenv/versions/2.0.0-p353/lib/ruby/gems/2.0.0/gems/actionpack-4.1.4/lib/action_dispatch/middleware/templates/routes/_route.html.erb (2.6ms)
  Rendered /Users/nicholashibberd/.rbenv/versions/2.0.0-p353/lib/ruby/gems/2.0.0/gems/actionpack-4.1.4/lib/action_dispatch/middleware/templates/routes/_table.html.erb (0.5ms)
  Rendered /Users/nicholashibberd/.rbenv/versions/2.0.0-p353/lib/ruby/gems/2.0.0/gems/railties-4.1.4/lib/rails/templates/rails/info/routes.html.erb within layouts/application (10.4ms)
Completed 200 OK in 14ms (Views: 13.6ms | ActiveRecord: 0.0ms)


Started GET "/pubs" for 10.0.0.224 at 2014-08-13 17:57:13 +1000
Processing by PubsController#index as HTML
  Rendered pubs/index.html.erb within layouts/application (0.6ms)
Completed 200 OK in 661ms (Views: 659.5ms | ActiveRecord: 0.0ms)


Started GET "/assets/application.css?body=1" for 10.0.0.224 at 2014-08-13 17:57:14 +1000


Started GET "/assets/jquery.js?body=1" for 10.0.0.224 at 2014-08-13 17:57:14 +1000


Started GET "/assets/jquery_ujs.js?body=1" for 10.0.0.224 at 2014-08-13 17:57:14 +1000


Started GET "/assets/turbolinks.js?body=1" for 10.0.0.224 at 2014-08-13 17:57:14 +1000


Started GET "/assets/application.js?body=1" for 10.0.0.224 at 2014-08-13 17:57:14 +1000


Started GET "/pubs" for 10.0.0.224 at 2014-08-13 17:59:42 +1000
Processing by PubsController#index as HTML
  Rendered pubs/index.html.erb within layouts/application (0.1ms)
Completed 200 OK in 3331ms (Views: 3329.8ms | ActiveRecord: 0.0ms)


Started GET "/assets/turbolinks.js?body=1" for 10.0.0.224 at 2014-08-13 17:59:45 +1000


Started GET "/assets/jquery.js?body=1" for 10.0.0.224 at 2014-08-13 17:59:45 +1000


Started GET "/assets/jquery_ujs.js?body=1" for 10.0.0.224 at 2014-08-13 17:59:45 +1000


Started GET "/assets/application.js?body=1" for 10.0.0.224 at 2014-08-13 17:59:45 +1000


Started GET "/assets/application.css?body=1" for 10.0.0.224 at 2014-08-13 17:59:45 +1000


Started GET "/" for 10.0.0.224 at 2014-08-13 18:11:42 +1000

AbstractController::ActionNotFound (The action 'main' could not be found for PagesController):
  actionpack (4.1.4) lib/abstract_controller/base.rb:131:in `process'
  actionview (4.1.4) lib/action_view/rendering.rb:30:in `process'
  actionpack (4.1.4) lib/action_controller/metal.rb:196:in `dispatch'
  actionpack (4.1.4) lib/action_controller/metal/rack_delegation.rb:13:in `dispatch'
  actionpack (4.1.4) lib/action_controller/metal.rb:232:in `block in action'
  actionpack (4.1.4) lib/action_dispatch/routing/route_set.rb:82:in `call'
  actionpack (4.1.4) lib/action_dispatch/routing/route_set.rb:82:in `dispatch'
  actionpack (4.1.4) lib/action_dispatch/routing/route_set.rb:50:in `call'
  actionpack (4.1.4) lib/action_dispatch/journey/router.rb:71:in `block in call'
  actionpack (4.1.4) lib/action_dispatch/journey/router.rb:59:in `each'
  actionpack (4.1.4) lib/action_dispatch/journey/router.rb:59:in `call'
  actionpack (4.1.4) lib/action_dispatch/routing/route_set.rb:678:in `call'
  rack (1.5.2) lib/rack/etag.rb:23:in `call'
  rack (1.5.2) lib/rack/conditionalget.rb:25:in `call'
  rack (1.5.2) lib/rack/head.rb:11:in `call'
  actionpack (4.1.4) lib/action_dispatch/middleware/params_parser.rb:27:in `call'
  actionpack (4.1.4) lib/action_dispatch/middleware/flash.rb:254:in `call'
  rack (1.5.2) lib/rack/session/abstract/id.rb:225:in `context'
  rack (1.5.2) lib/rack/session/abstract/id.rb:220:in `call'
  actionpack (4.1.4) lib/action_dispatch/middleware/cookies.rb:560:in `call'
  activerecord (4.1.4) lib/active_record/query_cache.rb:36:in `call'
  activerecord (4.1.4) lib/active_record/connection_adapters/abstract/connection_pool.rb:621:in `call'
  activerecord (4.1.4) lib/active_record/migration.rb:380:in `call'
  actionpack (4.1.4) lib/action_dispatch/middleware/callbacks.rb:29:in `block in call'
  activesupport (4.1.4) lib/active_support/callbacks.rb:82:in `run_callbacks'
  actionpack (4.1.4) lib/action_dispatch/middleware/callbacks.rb:27:in `call'
  actionpack (4.1.4) lib/action_dispatch/middleware/reloader.rb:73:in `call'
  actionpack (4.1.4) lib/action_dispatch/middleware/remote_ip.rb:76:in `call'
  actionpack (4.1.4) lib/action_dispatch/middleware/debug_exceptions.rb:17:in `call'
  actionpack (4.1.4) lib/action_dispatch/middleware/show_exceptions.rb:30:in `call'
  railties (4.1.4) lib/rails/rack/logger.rb:38:in `call_app'
  railties (4.1.4) lib/rails/rack/logger.rb:20:in `block in call'
  activesupport (4.1.4) lib/active_support/tagged_logging.rb:68:in `block in tagged'
  activesupport (4.1.4) lib/active_support/tagged_logging.rb:26:in `tagged'
  activesupport (4.1.4) lib/active_support/tagged_logging.rb:68:in `tagged'
  railties (4.1.4) lib/rails/rack/logger.rb:20:in `call'
  actionpack (4.1.4) lib/action_dispatch/middleware/request_id.rb:21:in `call'
  rack (1.5.2) lib/rack/methodoverride.rb:21:in `call'
  rack (1.5.2) lib/rack/runtime.rb:17:in `call'
  activesupport (4.1.4) lib/active_support/cache/strategy/local_cache_middleware.rb:26:in `call'
  rack (1.5.2) lib/rack/lock.rb:17:in `call'
  actionpack (4.1.4) lib/action_dispatch/middleware/static.rb:64:in `call'
  rack (1.5.2) lib/rack/sendfile.rb:112:in `call'
  railties (4.1.4) lib/rails/engine.rb:514:in `call'
  railties (4.1.4) lib/rails/application.rb:144:in `call'
  rack (1.5.2) lib/rack/lock.rb:17:in `call'
  rack (1.5.2) lib/rack/content_length.rb:14:in `call'
  rack (1.5.2) lib/rack/handler/webrick.rb:60:in `service'
  /Users/nicholashibberd/.rbenv/versions/2.0.0-p353/lib/ruby/2.0.0/webrick/httpserver.rb:138:in `service'
  /Users/nicholashibberd/.rbenv/versions/2.0.0-p353/lib/ruby/2.0.0/webrick/httpserver.rb:94:in `run'
  /Users/nicholashibberd/.rbenv/versions/2.0.0-p353/lib/ruby/2.0.0/webrick/server.rb:295:in `block in start_thread'


  Rendered /Users/nicholashibberd/.rbenv/versions/2.0.0-p353/lib/ruby/gems/2.0.0/gems/actionpack-4.1.4/lib/action_dispatch/middleware/templates/rescues/unknown_action.html.erb within rescues/layout (0.9ms)


Started GET "/" for 10.0.0.224 at 2014-08-13 18:11:59 +1000
Processing by PagesController#home as HTML
  Rendered pages/home.html.erb within layouts/application (0.5ms)
Completed 200 OK in 13ms (Views: 12.3ms | ActiveRecord: 0.0ms)


Started GET "/assets/application.css?body=1" for 10.0.0.224 at 2014-08-13 18:11:59 +1000


Started GET "/assets/jquery.js?body=1" for 10.0.0.224 at 2014-08-13 18:11:59 +1000


Started GET "/assets/jquery_ujs.js?body=1" for 10.0.0.224 at 2014-08-13 18:11:59 +1000


Started GET "/assets/application.js?body=1" for 10.0.0.224 at 2014-08-13 18:11:59 +1000


Started GET "/assets/turbolinks.js?body=1" for 10.0.0.224 at 2014-08-13 18:11:59 +1000


Started GET "/" for 10.0.0.224 at 2014-08-13 18:18:02 +1000
Processing by PagesController#home as HTML
  Rendered pages/home.html.erb within layouts/application (0.1ms)
Completed 200 OK in 11ms (Views: 9.6ms | ActiveRecord: 0.0ms)


Started GET "/assets/jquery.js?body=1" for 10.0.0.224 at 2014-08-13 18:18:02 +1000


Started GET "/assets/application.css?body=1" for 10.0.0.224 at 2014-08-13 18:18:02 +1000


Started GET "/assets/jquery_ujs.js?body=1" for 10.0.0.224 at 2014-08-13 18:18:02 +1000


Started GET "/assets/turbolinks.js?body=1" for 10.0.0.224 at 2014-08-13 18:18:02 +1000


Started GET "/assets/application.js?body=1" for 10.0.0.224 at 2014-08-13 18:18:02 +1000


Started GET "/" for 10.0.0.224 at 2014-08-13 18:22:56 +1000
Processing by PagesController#home as HTML
  Rendered pages/home.html.erb within layouts/application (0.1ms)
Completed 500 Internal Server Error in 12ms

ActionView::Template::Error (Missing partial pages/_navbar, application/_navbar with {:locale=>[:en], :formats=>[:html], :variants=>[], :handlers=>[:erb, :builder, :raw, :ruby, :jbuilder, :coffee]}. Searched in:
  * "/Users/nicholashibberd/Workspace/dartslondon/app/views"
):
     7:   <%= csrf_meta_tags %>
     8: </head>
     9: <body>
    10:   <%= render 'navbar' %>
    11:   <div class="container">
    12:     <%= yield %>
    13:   </div>
  app/views/layouts/application.html.erb:10:in `_app_views_layouts_application_html_erb___4506822458200819737_70163828774420'


  Rendered /Users/nicholashibberd/.rbenv/versions/2.0.0-p353/lib/ruby/gems/2.0.0/gems/actionpack-4.1.4/lib/action_dispatch/middleware/templates/rescues/_trace.html.erb (1.9ms)
  Rendered /Users/nicholashibberd/.rbenv/versions/2.0.0-p353/lib/ruby/gems/2.0.0/gems/actionpack-4.1.4/lib/action_dispatch/middleware/templates/rescues/_request_and_response.html.erb (1.4ms)
  Rendered /Users/nicholashibberd/.rbenv/versions/2.0.0-p353/lib/ruby/gems/2.0.0/gems/actionpack-4.1.4/lib/action_dispatch/middleware/templates/rescues/template_error.html.erb within rescues/layout (29.4ms)


Started GET "/" for 10.0.0.224 at 2014-08-13 18:23:02 +1000
Processing by PagesController#home as HTML
  Rendered pages/home.html.erb within layouts/application (0.1ms)
  Rendered layouts/_navbar.html.erb (0.9ms)
Completed 200 OK in 12ms (Views: 11.0ms | ActiveRecord: 0.0ms)


Started GET "/assets/application.css?body=1" for 10.0.0.224 at 2014-08-13 18:23:02 +1000


Started GET "/assets/jquery.js?body=1" for 10.0.0.224 at 2014-08-13 18:23:02 +1000


Started GET "/assets/jquery_ujs.js?body=1" for 10.0.0.224 at 2014-08-13 18:23:02 +1000


Started GET "/assets/turbolinks.js?body=1" for 10.0.0.224 at 2014-08-13 18:23:02 +1000


Started GET "/assets/application.js?body=1" for 10.0.0.224 at 2014-08-13 18:23:02 +1000


Started GET "/" for 10.0.0.224 at 2014-08-13 18:23:34 +1000
Processing by PagesController#home as HTML
  Rendered pages/home.html.erb within layouts/application (0.5ms)
  Rendered layouts/_navbar.html.erb (0.5ms)
Completed 200 OK in 12ms (Views: 10.8ms | ActiveRecord: 0.0ms)


Started GET "/" for 10.0.0.224 at 2014-08-13 18:25:03 +1000
Processing by PagesController#home as HTML
  Rendered pages/home.html.erb within layouts/application (0.1ms)
  Rendered layouts/_navbar.html.erb (0.5ms)
Completed 200 OK in 140ms (Views: 138.5ms | ActiveRecord: 0.0ms)


Started GET "/assets/jquery.js?body=1" for 10.0.0.224 at 2014-08-13 18:25:03 +1000


Started GET "/assets/application.css?body=1" for 10.0.0.224 at 2014-08-13 18:25:03 +1000


Started GET "/assets/bootstrap.js?body=1" for 10.0.0.224 at 2014-08-13 18:25:03 +1000


Started GET "/assets/turbolinks.js?body=1" for 10.0.0.224 at 2014-08-13 18:25:03 +1000


Started GET "/assets/jquery_ujs.js?body=1" for 10.0.0.224 at 2014-08-13 18:25:03 +1000


Started GET "/assets/application.js?body=1" for 10.0.0.224 at 2014-08-13 18:25:03 +1000


Started GET "/" for 10.0.0.224 at 2014-08-13 18:25:32 +1000
Processing by PagesController#home as HTML
  Rendered pages/home.html.erb within layouts/application (0.1ms)
  Rendered layouts/_navbar.html.erb (0.5ms)
Completed 200 OK in 11ms (Views: 10.3ms | ActiveRecord: 0.0ms)


Started GET "/" for 10.0.0.224 at 2014-08-13 18:25:34 +1000
Processing by PagesController#home as HTML
  Rendered pages/home.html.erb within layouts/application (0.1ms)
  Rendered layouts/_navbar.html.erb (0.1ms)
Completed 200 OK in 67ms (Views: 65.6ms | ActiveRecord: 0.0ms)


Started GET "/" for 10.0.0.224 at 2014-08-13 18:26:46 +1000
Processing by PagesController#home as HTML
  Rendered pages/home.html.erb within layouts/application (0.1ms)
  Rendered layouts/_navbar.html.erb (0.8ms)
Completed 200 OK in 12ms (Views: 11.2ms | ActiveRecord: 0.0ms)


Started GET "/assets/jquery.js?body=1" for 10.0.0.224 at 2014-08-13 18:26:46 +1000


Started GET "/assets/jquery_ujs.js?body=1" for 10.0.0.224 at 2014-08-13 18:26:46 +1000


Started GET "/assets/turbolinks.js?body=1" for 10.0.0.224 at 2014-08-13 18:26:46 +1000


Started GET "/assets/bootstrap.js?body=1" for 10.0.0.224 at 2014-08-13 18:26:46 +1000


Started GET "/assets/application.js?body=1" for 10.0.0.224 at 2014-08-13 18:26:46 +1000


Started GET "/assets/application.css?body=1" for 10.0.0.224 at 2014-08-13 18:26:46 +1000
  [1m[36mActiveRecord::SchemaMigration Load (0.6ms)[0m  [1mSELECT "schema_migrations".* FROM "schema_migrations"[0m
Migrating to CreatePubs (20140813115445)
  [1m[35m (0.2ms)[0m  BEGIN
  [1m[36m (39.1ms)[0m  [1mCREATE TABLE "pubs" ("id" serial primary key, "name" character varying(255), "description" text, "created_at" timestamp, "updated_at" timestamp) [0m
  [1m[35mSQL (1.5ms)[0m  INSERT INTO "schema_migrations" ("version") VALUES ($1)  [["version", "20140813115445"]]
  [1m[36m (4.3ms)[0m  [1mCOMMIT[0m
  [1m[35mActiveRecord::SchemaMigration Load (0.4ms)[0m  SELECT "schema_migrations".* FROM "schema_migrations"


Started GET "/pubs" for 10.0.0.224 at 2014-08-13 22:00:01 +1000
  [1m[35mActiveRecord::SchemaMigration Load (1.4ms)[0m  SELECT "schema_migrations".* FROM "schema_migrations"
Processing by PubsController#index as HTML
  [1m[36mPub Load (1.1ms)[0m  [1mSELECT "pubs".* FROM "pubs"[0m
  Rendered pubs/index.html.erb within layouts/application (6.8ms)
  Rendered layouts/_navbar.html.erb (0.1ms)
Completed 200 OK in 2593ms (Views: 2579.8ms | ActiveRecord: 1.1ms)


Started GET "/assets/scaffolds.css?body=1" for 10.0.0.224 at 2014-08-13 22:00:04 +1000


Started GET "/assets/application.css?body=1" for 10.0.0.224 at 2014-08-13 22:00:04 +1000


Started GET "/assets/jquery_ujs.js?body=1" for 10.0.0.224 at 2014-08-13 22:00:04 +1000


Started GET "/assets/jquery.js?body=1" for 10.0.0.224 at 2014-08-13 22:00:04 +1000


Started GET "/assets/pubs.js?body=1" for 10.0.0.224 at 2014-08-13 22:00:04 +1000


Started GET "/assets/pubs.css?body=1" for 10.0.0.224 at 2014-08-13 22:00:04 +1000


Started GET "/assets/turbolinks.js?body=1" for 10.0.0.224 at 2014-08-13 22:00:04 +1000


Started GET "/assets/application.js?body=1" for 10.0.0.224 at 2014-08-13 22:00:04 +1000


Started GET "/assets/bootstrap.js?body=1" for 10.0.0.224 at 2014-08-13 22:00:04 +1000
  [1m[36mActiveRecord::SchemaMigration Load (1.4ms)[0m  [1mSELECT "schema_migrations".* FROM "schema_migrations"[0m
  [1m[35mActiveRecord::SchemaMigration Load (0.3ms)[0m  SELECT "schema_migrations".* FROM "schema_migrations"


Started GET "/pubs/new" for 10.0.0.224 at 2014-08-13 22:00:32 +1000
Processing by PubsController#new as HTML
  Rendered pubs/_form.html.erb (37.3ms)
  Rendered pubs/new.html.erb within layouts/application (40.0ms)
  Rendered layouts/_navbar.html.erb (0.7ms)
Completed 200 OK in 73ms (Views: 60.2ms | ActiveRecord: 3.0ms)
  [1m[36mActiveRecord::SchemaMigration Load (0.7ms)[0m  [1mSELECT "schema_migrations".* FROM "schema_migrations"[0m
Migrating to CreateRegions (20140816015316)
  [1m[35m (0.2ms)[0m  BEGIN
  [1m[36m (12.7ms)[0m  [1mCREATE TABLE "regions" ("id" serial primary key, "name" character varying(255), "created_at" timestamp, "updated_at" timestamp) [0m
  [1m[35mSQL (3.8ms)[0m  INSERT INTO "schema_migrations" ("version") VALUES ($1)  [["version", "20140816015316"]]
  [1m[36m (3.0ms)[0m  [1mCOMMIT[0m
  [1m[35mActiveRecord::SchemaMigration Load (0.4ms)[0m  SELECT "schema_migrations".* FROM "schema_migrations"


Started GET "/pubs/new" for 10.0.0.19 at 2014-08-17 19:01:44 +1000
  [1m[35mActiveRecord::SchemaMigration Load (2.0ms)[0m  SELECT "schema_migrations".* FROM "schema_migrations"
Processing by PubsController#new as HTML
  Rendered pubs/_form.html.erb (45.2ms)
  Rendered pubs/new.html.erb within layouts/application (61.9ms)
  Rendered layouts/_navbar.html.erb (0.1ms)
Completed 200 OK in 168ms (Views: 119.8ms | ActiveRecord: 11.0ms)


Started GET "/assets/application.css?body=1" for 10.0.0.19 at 2014-08-17 19:01:45 +1000


Started GET "/assets/turbolinks.js?body=1" for 10.0.0.19 at 2014-08-17 19:01:45 +1000


Started GET "/assets/scaffolds.css?body=1" for 10.0.0.19 at 2014-08-17 19:01:45 +1000


Started GET "/assets/jquery_ujs.js?body=1" for 10.0.0.19 at 2014-08-17 19:01:45 +1000


Started GET "/assets/bootstrap.js?body=1" for 10.0.0.19 at 2014-08-17 19:01:45 +1000


Started GET "/assets/jquery.js?body=1" for 10.0.0.19 at 2014-08-17 19:01:45 +1000


Started GET "/assets/pubs.js?body=1" for 10.0.0.19 at 2014-08-17 19:01:45 +1000


Started GET "/assets/application.js?body=1" for 10.0.0.19 at 2014-08-17 19:01:45 +1000


Started GET "/assets/pubs.css?body=1" for 10.0.0.19 at 2014-08-17 19:01:45 +1000
